አሁን ደግሞ መብራቱን እያበሩት ያ:ሁ:ነ:ያ:  ሁሉ ነገር በኛ ቁጥጥር ውስጥ ነው  ሰጥ ለጥ ብለህ ተኛ  አይነት ማስፈራሪያ ነበር።  #Psychological_War   #Ethiopia
ናና ናና መንግዬ ናና ህዝቡ መንግስቱ ሃ/ማርያምን   እየጠሩ  ነው  ግፉ በዛ  ምን ያድርጉ http://fb.me/1IjkyMMeg 
󾌹 ወንድምዬ አላህ በጀነተል ፍርድወስ ያኑርህ ፡፡ ወንድማለም አስለቀስከኝ በጣም  󾌹 ለምን መሰለህ ወንድምዬ የሙስሊሞችን ባህሪ ገለፅከው  ቀደር ናትና ፡፡እ ህ ክፉ ሃዘን... http://fb.me/3NqAfpQX4
"'...ኢህአዴግን ይምረጡ' የምትለዋን ፖስተር ይቺን አጋጣሚ ተጠቅመን እናስገባት" በሚል ጠለቅ ያለች ውይይት የ Federal Govenment Comm Affairs Office of #Ethiopia ውስጥ ተደርጋለች #pt
@total_433 አሸባሪ ዲያስፖራዎች! ስንት የሚታይ ብርቱካናማ ቀለም እያለ እሱ ላይ ለምን ታተኩራላችሁ? ምናለ ዛሬ እንክዋን በጋራ ሆ ብለን በግፍ ስለተገደሉ ወገኖቻችን የተሰማንን ትልቅ ሃዘን ብንገልፅበት?
@Muwanampianga Hahaha! በጣም ጥሬ ነበር። ብርቱካናማው ቀለም ነው የአይኔን ትኩረት የወሰደው።
ሁለት ቀናት ለ አንድ አመት #freezone9bloggers
ወያኔ ሌባ  ሌባ..የዛሬው የአዲስ አበባ ህዝብ ጠላቱን ወያኔን ሲያንቋሽሽ የነበረበት ስድብ የኢትዬጵያን ህዝብ ጠላት ወያኔዎች ለ 24 አመት ያክል በኢትዬጵያን ህዝብ የተወደዱ አይደሉም. 
በአዲስ አበባ እየተካሄደ ያለውን ሰልፍ ለመበተን ፖሊስ ተኩስ ከፍቷል http://wp.me/p42bhC-1JM
በረከት እነ ሬድዋን፣ ሽመልስና እውነቱ ብላታ (አልፎላት ከተጠራች) ላይ በመጮህ የወቅቱን ክስተት እንዴት በሚዲያ መቅረብ እንዳለበት ካብራራ በኋላ እነ ሬድዋን በተራቸው  ለ #EBC #ENA ኤዲተሮች በጩኸት ያብራሩላቸዋል
ድሮ ልጅ እያለን ወያኔዎች ሲገቡ ፋሽስቲ ደርጊ ሲሉ ምን ማለት እንደሆነ አይገባንም ነበር። ብዙም ሳይቆይ ምን እንደሆነ በሠርቶ ማሳያ በግብሩ አሳየን። ሰው ለ ሀዘን ጠርቶ መደብደብ ፋሽስታዊ መገለጫ ነው። #Ethiopia
Report on Mesqel Square Protest - VOA Amharic አይ ኤስ በሊቢያ በሚኖሩ ኢትዮጵያዊያን ላይ የፈፀመው አሰቃቂ ግድያ ያስቆጣቸው የአዲስ አበባ ነዋሪዎች ያደረጉ…https://lnkd.in/d_Ze22t
ጺዳ ሀፐ ቶዶ eሰ uና ሚeረዳ ፖረማሰ ቂe ም eሰፉeረች ም ሲeነቶ ድ ደወረሮታዶ y ሲነ ጋናa ደወ ስጉiረ a ድላነት ጾነ ቾነ ሚ ጺዳ
በኢትዮጵያ ኦርቶዶክስ ተዋሕዶ ቤተ ክርስቲያን በሰንበት ትምህርት ቤቶች ማደራጃ መምሪያ ማኅበረ ቅዱሳን ጽ/ቤት የተሰጠ የሐዘን መግለጫ ሚያዝያ 14 ቀን 2007 ዓ.ም.... http://fb.me/33qn7BgIR
የውጭ ጉዳይ ሚኒስትር ዶ/ር ቴድሮስ አድሃኖም እና የሚኒስቴር መስሪያ ቤቱ ከፍተኛ  የስራ ሃላፊዎች በሊቢያ በሽብርተኛው አይኤስ በግፍ ህይወታቸውን ያጡ ወገኖች ቤተሰቦች በቂርቆስ... http://fb.me/7rdjqInAZ
የውጭ ጉዳይ ሚኒስትሩ ዶ/ር ቴዎድሮስ አድሐኖም ሐዘንተኞቹን ቤታቸው ድረስ ሔደው አጽናኑ http://fb.me/2VFMJ0oDE
ሃይለማርያም ደሳለኝ--->  "ከእንዲህ አይነቱ ግፍ ለመዳን ብቸኛው አማራጭ የሚሆነው የልማት ሰራዊት በመሆን የጀመረውን ልማት ስናስቀጥል ነው። ዶ/ር ብርሃኑ ነጋ--->... http://fb.me/2PFCZM4c1
ኢትዮጵያ በአይ ኤስ ላይ ወታደራዊ ዘመቻ ማካሄድ ትችል ይሆን? (ኤፍ.ቢ.ሲ) በየማህበራዊ ድረ ገፁ አይ ኤስ በኢትዮጵያዊያን ላይ የፈፀመውን የሽብር ጥቃት አስመልክቶ የተለቀቁ... http://fb.me/7kszNfvym 
ከሊቢያ ወደ አውሮፓ በህገ ወጥ መንገድ ዜጎችን በባህር የሚያሻግሩትን መርድ መድሃኔና ኤርሚያስ ግርማይን ፖሊስ እያደነ ነው (ኤፍ.ቢ.ሲ) ሊቢያ ሆነው ከተለያዩ የአፍሪካ አገራት... http://fb.me/4mMaMC8QT
@sara_awol  አላህ ይጠብቀን ከመንግሥታዊ  አይ. ሲ.ስ. እንዲሁም ከአሸባሪው አይ.ሲ.ስ
በቫንኩቨር ም/መድኃኔዓለምና ጼ/ቅ/ማርያም ቤ/ክ የጸሎትና የፍታት መርሃ ግብር http://goo.gl/fb/y576Ne  #Ethiopia
ይህ ጽሑፍ ትኩረቱን በአማራ ክልል በማድረግ በ ያለዕድሜ ጋብቻ የሚጣሱ መብቶችን ይዳስሳል፡፡ ጸሐፊው አማረ ሲሳይ ነው http://fb.me/7jDS2gLIk
አገር አቀፍ የወንድማማችነት እና የአጋርነት ዘመቻ በ ትዌተር አርብ ሚየዝያ 16/2007 ሥላለ ተሠባሥበን ድምፃችንን እናሠማለን #ድምፃችን ይሠማ ኢንሻአላህ ጁሙአ እንገናኝ
በኢትዮጵያ ኦርቶዶክስ ተዋሕዶ ቤተ ክርስቲያን ሰንበት ት/ቤቶች ማደራጃ የአዲስ አበባ ሀገረ ስብከት ሰንበት ት/ቤቶች አንድነት የተሰጠ መግለጫ http://wp.me/p2UImi-1dE 
በወላይታ ዞን አረካ ከተማ ት/ቤቶች ተማሪዎች የተለያዩ የፈጠራ ሥራዎቻቸውን  በአረካ ከተማ ቀለምና መሠናዶ ትምህርት ቤት አዳራሽ ውስጥ አስጎበኙ፡፡  በከተማው ውስጥ ባሉ 1ኛ... http://fb.me/7ftd3q3UD 
የእናቴ ሀዘን በግሩም ተ/ሀይማኖት ምጥ ቁና ላይ ምጥን ወልዶ ወገን ፈርቶ ተርገድግዶ ቀኑ ቀን ላይሆን መጨለም ጀምሮ በጭንቀት ገንግኖ በፍርሃት ታጥሮ ብርሃን ላይፈነጥቅ... http://fb.me/2fcc6ait9
@Hamoudu እንግዳ መቀበል በደማችን ነው ።።። አንተ ብቻ ና! ግን ቀጥታ በኢትዮ ኤርላይንስ ! ማቆራረጥ እንጅሩ :-)))
ኢትዮጵያውያን ሆይ! ኑ..... የፊታችን አርብ በትዊተር ሜዳ በመከራ ማዕበል መሐል የሚጸና የአብሮነት ትስስራችንን እናሳይ! ድምጻችን ይሰማ!
ሼር በማድረግ ያስተላልፉ ኑ.የፊታችን አርብ በትዊተር ሜዳ በመከራ ማዕበል መሐል የሚጸና የአብሮነት ትስስራችንን እናሳይ ዘመቻው የሚካሄደው አርብ ከምሽቱ 3 ሰዓት እስከ ምሽቱ 5 ሰዓት
ከዚህ በታች ያለውን ዝርዝር በፌስቡክ ገጹ ያካፈለን “ጌታነው ሙንየ”ን እያመሰገንን ለተመሳሳይ ተግባር እንዘጋጅ። http://fb.me/6kb6USMj8 
ឣle誁ac禑 teꔶrestri礁l path爁indኔng铑 distan䅔≠:와0 k镍⭇ 脳urጒtꟹon:ⷆ0 minutes.
እራሀባችንነ ችለን ብንገዛቸው ጥጋባቸውን መቻል አቃታቸው  ጉድ ኮ ነው!!
መምህር ዘላለም ወንድሙ በ ISIS ሰለተገደሉ ኢትዮጵያውያን ያስተማረው ትምህርት. የካ ቅዱስ ሚካኤል ቤ/ክ 12/8/2007 http://fb.me/3j1WVAQW1
‹‹ልጆቻችን፣ ማዕተቤን አልበጥስም፤ ወደ ሌላ አንለወጥም አሉ፤ በሰማዕትነታቸው ልንጽናናባቸው ልንማርባቸው እና ልናወድሳቸው ይገባል›› – የብፁዓን ሊቃነ ጳጳሳት የማጽናኛ ቃለ ምዕዳን http://wp.me/p3PyOs-2hkF 
ይኼ ጣይ ስካር ያስመኘኝ አሁንስ እኔ ያሰኘኝ ከዚህ ጋር አለመወገን በዚያኛው አለመተገን ኃያሉን የግኡዝ  ቋንቋ-የአርምሞን ጥበብ በመካን እንደ ቋጥኝ - እንደ አለት ጸንቶ ብቻ ዝም ማለት! መስፍን ወ. #Ethiopia
ከለቅሶ ቦት የተላከልን ቪድዮ
"አልቅሱለት እንጂ ምንድነው ዝም ዝሙ ያልሞተበት የለም  እህትና ወንድሙ። " . " አንድነታችን  ~ አንከፋፈልም! ". " ዋ እያለ ሄደ...... http://fb.me/3ddhKEvZh 
ነብዩ መሀመድ( ሰ• ዐ•ወ) ነብዩ (ሰ.ዐ.ወ) እውነትን ለማስተማር መጥተዋል፣ በሰዎች ዘንድ ታማኝነትን ለማስፈን ተልከዋል፣ ለሌሎች ጥሩ የሚውሉ ህዝቦችን ማነፅ ላይ ታዘዋል፡፡... http://fb.me/4w1LDt18x
ጆሲ ኢን ዘ ሀውስ ለለቀስተኞቹ የለገሰውን ገንዘብ በሾህ ላይ አስተላልፋለው ማለቱ ግብዝነቱን ነው ሚያሳየው:: ለምንድነው ሁሉም በሟቾቹና በቤተሰባቸው ስም ትርፍ ማጋበዝ ሚሯሯጠው??
አሰላሙ አለይኩም ወራህመቱሏሂ ወበረካትሁ ዛሬን የፆማቹ አላህ ፆማቹን ይቀበላቹ ያ ጀምዓ  ዱዓ አድርጉ
I posted 104 photos on Facebook in the album "ዝተውሃበና ስልጠና ብዓይነቱ ፍሉይን ኣብ ከይዲ ምምሃር ምስትምሃር ስራሕትና ሓጋዛይን’ዩ ክብሉ ኣብ ስል" http://fb.me/6zNZWQZzA 
"... ስራ ጠባቂ ካልሆንን በቀር በሀገራችን ሰርተን መለወጥ የምንችልበት በርካታ ምቹ ሁኔታ አለ" አይን ባወጣ ሁኔታ ተጎጂዎቹን የመውቀሱ ዘመቻ ተጧጡፏል። የ #ኢዜአ ድረ-ገጽ ውስጥ ግቡና የፖለቲካ ዜናዎቹን ተመልከቱ
