"ูุฒุงุฑุฉ ุงูุจูุฆุฉ: ููุงุฉ ุงูููู ุขููุฉ ุจุนุฏ ุบุฑู ูุฑูุจ ูุญูู 500 ุทู ูู ุงูููุณูุงุช ุงูุฎุงู ุฃูุณ ุจุนุฏ ุงุฑุชุทุงูู ุจุฃุญุฏ ุฃุนูุฏุฉ ููุจุฑู ุจูุญุงูุธุฉ ููุง http:\/\/t.co\/R8A10ztINF",
"@Ahlam_Alshamsi ุงุณุชุงุฐุฉ ููููุง ูุนุฑู ุฑุงูู ุจุงุบููุฉ ุบุงุฏุฉ ุงูุฌุฑูุฏู ุงูุงููู ุงุฐุง ูููู @GhadaJreidi \n๐ https:\/\/t.co\/lmvwpzlaAn",
"I'm at Hammam Chatt | ุญูุงู ุงูุดุท in Hammam Chatt, Ben Arous https:\/\/t.co\/mkRptNmJwe",
"@Kenza_Morsli ุญุงูุชู ูููุฒุชู ุฏููุง ููุญู ุฑูุชุงุฑ ุนูู ุชุบุฑูุฏุงุชู ูุงุฑุจู ูุงุด ููุงุฑ ุงูุฌูุด ุงูููุฒุงูู ูุงูู ุชุฑูุญ ุนูุฏู ุงูุงูุชุฑููุช ููุจูุงู ุบูุฑ ุงูุง ุงูุช ูู ุชููุชุฑ๐๐",
"I'm at Bouargoub | ุจูุนุฑููุจ in Bouargoub, Nabeul https:\/\/t.co\/ByeYO0JP7N",
"@Dady29Mira ููููููููููููููููููู ููุฑุง ููุง ุชุฒูุฏ ุดููุฉ ุชุญูููุง ูู ุดุนุฑูุง ูููููููููููููููููููููููููููููููููููููููููู",
"ุงูุญุจูุจ ุจูุฑููุจุฉ. http:\/\/t.co\/rOWygagMYP",
"@Dady29Mira ุงูุง ุซุงูู ุฌูู ูููุง ููููููููููููููููููููููููููููููู",
"@Dady29Mira ูุฒูุฏ ุฌุงุช ุชุนูู ุงููู ุฎูุฑ ูููุง ูุด ุฌุงุจ ูุฌุงุจ",
"@DrAlnefisi ู.ุต.\nุฏ.ุงูุงุณุชุฑุงุชูุฌูุง ูุณุจุฉ ุฏูููุฉ ุจูู ุงูุฅุฑุงุฏุฉ ูุงููุฏุฑุฉ ูููุณ ูุฌุฑุฏ ุฅุฑุงุฏุฉ.ูุง ูููู ุงูุณุนูุฏูุฉ ุฃูุซุฑ ููุง ุชุณุชุทูุน ููุซูุฑ ูุนูุง ุธุงูุฑุง ูุถุฏูุง ุจุงุทูุง",
"@DrAlnefisi ู.ุต.\nุงูุฎูู ูู ุบุฏุฑ ุงูููุงูููู ูุงุฌุจ. ุฅููุงู ุงูุนุงุตูุฉ ููู ุญููุฉ: ุฅููุงุน ุงููุนู ุงููููู ุจุทูุก ููุง ูููู ููุง ุฃู ุชูุชุธุฑู ุดููุฑุง.ุชุฃููู ุงูุญุฏูุฏ ุฃูู.",
"ุจุฌุงู ุฑุจู ูุง \"ููุณูููู\" ููุตู ูู ุงูุชูุจุฑ ู ุงูุญูุฑุฉ ุงูุฒุงูุฏุฉ. ุฑุงูุง ูุนุฑูู ููุณููู ููููุง ููููู ูุงู ููุด ุงูุซุฑ ูููู. ๐ก ู ุงูุญุงูุฉ ูุงุฐู ูุงู ูู ุชููุณ.",
"@DrAlnefisi ู.ุต.\nูุง ุชู ููู: ุนุณูุฑูุง ุถุฑุจ ุงูููููุงุช ุงูุงุณุชุฑุงุชูุฌูุฉ ูููุณูุง ุถุฑุจ ุซูุฉ ุงููููุดูุงุช ุงูุนุฑุจูุฉ ูู ูุฏุฑุฉ ุฅูุฑุงู.ูุฐุง ูู ุญุฏ ุฐุงุชู ุซูุฑุฉ ูู ูุนู ุงูุนุฑุจ",
"@DrAlnefisi ู.ุต.\nุซู ุฅู ุงูุงุจูุงุก ุนูู ุงูุญุตุงุฑ ุงูุฌูู ูุงูุจุญุฑู ูุนุทู ุงูููุช ููููุช ุจูุณู ุงูุจุทุก ุงููููู ููููู ูู ุชุญููู ูุณุคูููุฉ ุขูุงู ุงูุญุฑุจ ูุตุงูุญ ูุงูุญูุซู.",
"@wadhahatef @DrAlnefisi ู.ุต.\nูุงููุฏุฑุฉ ุนูู ููุงุตูุฉ ุงูุญุตุงุฑูููุง ูุฒููุฉ ูุนูููุฉ ูุจูุฑุฉ ูุฅูุฑุงู ูุชูุฆูุณ ููููุดูุงุชู ูู ูุฌุฏุชูุง ููู ูุชูุฒููู ุงูููุงููุฉ ุงูุดุนุจูุฉ",
"@wadhahatef @DrAlnefisi ู.ุต.\nููู ุฅุฐุง ูุงู ุงููููููู ูุณุชุณูููู ูููุฒููุฉ ุฑุบู ุงููุณุงุนุฏุฉ ุงูุฌููุฉ ูุงูุชูููู ุจุดุฑูุท ุงูููุงููุฉ ูุงูููู ุนูููู ูุง ุนูู ุบูุฑูู.",
"@wadhahatef @DrAlnefisi ู.ุต.\nูููุณ ุงูุดูุก ูู ุณูุฑูุง: ุงููุทููุจ ุชูููู ุงูุซูุงุฑ ุจุงูุณูุงุญ ูุงููุคู ูุฎุงุตุฉ ุจูุถุงุฏุงุช ุงููููููุจุชุฑูุงูุจููุฉ ุนูููู ูู ูุฃุธููู ูุงุฏุฑูู",
"@DrAlnefisi ู.ุต.\nููู ุงูุฎุทุฃ ุงูุงุณุชุฑุงุชูุฌู ุงูุฐู ููุจุบู ุชุฌูุจู ูู ุชูุฑูุท ุงูุณุนูุฏูุฉ ุฅูู ุญุฏ ูุฑูููุง ููุตุจุญ ุฃูููุง ูู ุฎุทุฑ ูุญูุท ุจูุง ูู ูู ุฌุงูุจ: ูุงูุญุฐุฑ ูุงุฌุจ.",
"ููุญุฉ ูุนุจุฑุฉ\n6+3 ุชุณุงูู 9 ูููู 5+4 ุฃูุถุงู! ูุฐูู ุฑุฃูู ููุณ ุจุงูุถุฑูุฑุฉ ูู ุงูุฑุฃู ุงููุญูุฏ ุงูุตุญูุญ. ุชุนูู ุฃู ุชุญุชุฑู ุขุฑุงุก ุงูุขุฎุฑูู! http:\/\/t.co\/OXbexE3qxK",
"@abokarem100 ู.ุต.\nูุงู ููุง ุงูุฃุณุชุงุฐ ุฐุงุช ูุฑุฉ: ุงููููู ูุนูู ุฑุจุน ุงูููุงุฑ ููุฎุฏุฑ ููุณู ุฑุจุนุง ูููุงู ุงูุจููุฉ. ุฅุฐู ุงูููู ุงูุนุงุฏู ูุง ุจุฏ ูู ุฃุฑุจุนุฉ ุงูุงู ูุฏูู.",
"@abokarem100 ู.ุต.\nููู ูุฏุฑ ุฐูู ุจุงููุธุฑ ุฅูู ุชุฌุงุฑุจ ุญุฑูุจูู ุงููุซูุฑุฉ ุจูู ุงูุดูุงู ูุงูุฌููุจ ุซู ูู ุตุนุฏุฉ: ูู ููู ุจุนุถ ุณุงุนุงุช. ุฅุจูุงุน ูุจูู ูุชููู ูุณูุก ุงูุญุธ.",
"@abokarem100 ู.ุต.\nุฃูุง ุงูุนุงุตูุฉ ูุณุงุนุชูุง ุจุฃูุงู ููููุฉ ุทูุนุชูุง ุจูุง ูุง ูุทุงู.ูููุง ุถุฑูุฑุฉ ุงูุฃูู ุงูุฐุงุชู ููุญุณู ูุน ูุงุนุฏุฉ ุฅูุฑุงู ููุงูุช ุงููููุฉ ุฏุงุนูุฉ ููุชุฑุฏุฏ",
"@abokarem100 ู.ุต.\nุฐูู ุฃูู ุชูุฌุฏ ุญูููุฉ ูุฑูุฑุฉ: ูุตุนุจ ุงูุชุนููู ุนูู ุงูุนุฑุจ ุงูุขุฎุฑูู ุฅุฐ ูุง ุชุฏุฑู ูู ูุง ูุทุงุจู ูุง ูุจุฏูู ููุง ูุฎููู.",
"ูู # ุดุฏุฉ ุชูุง ุถุนู ูู # ุฃุญูู ูู # ุฏุฑุงุณุชู ุฏุฑุฌุงุช# ุนุงููุฉ ุญุชู ูุง # ูุดุนุฑ ุฃ ุตุฏูุงุฆู ุฃููู # ุฃุบุจูุงุก!",
"#ูุนุณู ุงูุงูุงุงู ุงูููุจูุฉุฉ ูููุง ุฎููุฑ  \nุขููู ูุงุฑุจ",
"ุจูู ุงูุนููุจ ุงูู ูููุง ุงูุง ุงูู ููุง ูุฑุฉ ุดูุช ุชููุณู ุนูู ุชููุชุฑ ุณุจ ุดุฎุต ุนูู ุงุณุงุณ ุฏููู ููุง ุทุงุฆูุชู.ุงูุชูุงูุณุฉ ูุญุชุฑููุง ุงููุงุณ ุงููู ุณูู ุดูุนู ูุฑุฏู ูุณูุญู ููุญุฏ",
"@nsns_oo @abokarem100 ู.ุต.\nุงููุดูู ูู ุฃูู ุจูู \"ูุฌุจ\" ู\"ูุญุตู\" ูููุฉ ูู ุงูุฎุจุฑ ุฅูู ุงูุฅูุดุงุก. ููุซุฑุฉ ุงูุนุตุจูุงุช ุชุญูู ุฏูู ูุญุฏุฉ ุงูุฅุฑุงุฏุฉ ูุชูุถู ุนูู ุงููุฏุฑุฉ",
"#ูุฑุงุก ูู ุตุฏุงูุฉ ุจูู ุฑุฌู ู ุงูุฑุงุฉ ุญุจ ูู ุทุฑู ูุงุญุฏ ุงู #ุงุนุฌุงุจ ูู ุทุฑู ูุงุญุฏ . . . ู ูู ุจุนุถ ุงูุงุญูุงู ูู ุทุฑููู ~ ! ูุง ุฑุงููู",
"@douaapray ูุงุถุญ ุจูุช ุจูุงุฏู ุงูุบุงููุฉ ๐๐๐",
"@nsns_oo @abokarem100 ู.ุต.\nููุฐุง ุงููุงููู ุงููุชุนูู ุจูุซุฑุฉ ุงูุนุตุจูุงุช ูุงููู ุฎูุฏููู ุฃู ุญุถุฑูู ุฃู ูููู ููุง ูุงูุช ุงูููู ูุง ุชูุถู ุงูููุช ูู ูุถุน ุงูููููุงุช.",
"@douaapray ููุช ููุฑุง ูู ุงููุชุฎููุฉ ุงุด ุชุญูู ูู ุบูุฑ ูุง ุชูุณุฑ ุฑุงุณู ูุนุงูุง",
"@abokarem100 ู.ุต.\nุฃุจุง ุนุจูุฏุฉ: ุงููุดูู ูู \"ุนูู\". ูุบุฉ ุงููุงุฌุจ ุฅูุดุงุฆูุฉ. ููู ุชุชุญูู ุฅูู ุฎุจุฑ ุนู ูุนู ุญูููู.ุงููุจุงุฆู ุจุทุจุน ูุนููุง ูุงุฑ ูุดูู ูุชุนุฏุฏูุง ูุงุฑุซุฉ.",
"~#ุงููููููููููุฉ ุฌููุฑุญููุชูููููู ุจููุตููุญ ุนูููููููููุชูููููู",
"@abokarem100 ู.ุต.\nูุงู ููุง ุงูุฃุณุชุงุฐ: ูุง ูุญุฏุซ ูุฑุตุฉ ููู ูุฏุนูู ุญูุงูุฉ ุงูุฅุณูุงู ุฃู ูุชุฎููุง ุนู ูุญุงุฑุจุฉ ุฏููุฉ ุจุฏุฃุช ุชููู ุจุงููุงุฌุจ: ููุงุตูุชูู ุณูุฑุชูู ุฎูุงูุฉ",
"ฤhe7al  แนชchafni diiik #lawliya ki แนชkon แนชayha fi แนชrige machi trigha แธพm ลatmana kol wa7da t7asab ลafsha 9bal ma tandam 7ayto la yenfa3 ลaฤam",
"@abokarem100 ู.ุต.\nุงู ุนุงูู  ููุญู ุฌูุดู ูู ุญุฑุจ ุจุฑูุฉ ูู ุงูููู ูุฑุฑุงูุงูุชุญุงุฑ:ูุชุนุฏุฏ ูุจุงุฆูู ููุชุนุฏุฏ ุชุถุงุฑูุณ ุฃุฑุถู ูููุซุฑุฉ ุงูุฃููุงุก ูุน ุงูุจุทุก ูู ูู ุงููุดุงุท.",
"@Tareq_Shehab ุทูุจ ููุด ูุง ุจุชุณุฃู ๐ก๐ก๐ก ุงูุง ูุง ุจุงุนุฑู ุงููุชู ุจุชุทูุน ูุจููู ูุดุบูู ุจุงูุฏุฑุงุณุฉ ... ูุงูุง ุงุดุชูุชูู",
"ลถa li ลaki ta7ki แนan แนora dahri 3la balak bali ลecham ลi7tak ล ลa3raf wach ลak tgol 7aja mli7a wala ลo haka man 3and #ลabi Hรhahah",
"@abokarem100 ู.ุต.\nูุฑุงุฑุงุช ูุฌูุณ ุงูุฃูู ูุง ุชููุฏ: ุงููููุฏ ูู ูุง ุชุฑูุฏ ุงูููู ุงูุนุธูู ุงูุชู ุจูุฏูุง ุชูููุฐูุง.ูุง ููุงู ุฅู ูู ุชูู ุฏูู ุงูุฎููุฌ ุนูู ููุจ ุฑุฌู ูุงุญุฏ",
"@abokarem100 ู.ุต.\nููุง ุฃุธู ุฃุญุฏุง ูุงุซูุง ูู ููููุง ุนูู ููุจ ุฑุฌู ูุงุญุฏ. ุฅุฐู ุนูู ุงูุณุนูุฏูุฉ ุฃู ุชููู ุญุฐุฑุฉ ูุฃู ุชูุถู ุนูู ูุงุนุฏุฉ ุฅูุฑุงู ูู ุตุนุฏุฉ ููุฐุง ูุงู.",
"@Al_Shatha_AlQ ู.ุต.\nุจู ุฃูุซุฑ:ูุฃู ุงูููุณูุฉ ูู ุจุฑูุงูุฌู ุชุจุฏุฃ ุจุนุฏ ุงูุณูุฉ ุงูู35.ุงูุฑูุงุถูุงุช ูุง ุชุนูู ูุง ููููู ุงูุขู ุจู ูู ุฃูุถุง ุงูููู ูุงูููุณููู ูุงูุจุตุฑูุงุช",
"@abokarem100 ู.ุต.\nุงููุงููู ุงูุฏููู ูุทุงุท. ููู ุธุงูู ูู ุบุงูุจ ุงูุฃุญูุงู: ุงูุบุฑุจ=ูุตู ุณุจุน ุงูุจุดุฑูุฉ ูููู ุจูุฏู ุฃุฑุจุนุฉ ุฃุฎูุงุณ ุงูุณูุทุฉ ุงูุชูููุฐูุฉ ุจูุนูุฑ ุงูููุชู.",
"I'm at Kalaa Seghira | ููุนุฉ ุงูุตุบูุฑู in Kalaa Seghira, Sousse https:\/\/t.co\/1U2iiwU2rF",
"@MolkaMastouri ูุงุช ุ",
"@Al_Shatha_AlQ ู.ุต.\nุฃุตุจุช.ููู ุงููุนูุงุฑ ููุณ ูุฐู ุงููุฏุฑุฉ ูุญุณุจ ุจู ุดูุก ุขุฎุฑ:ุญุฏุฏู ุฃููุงุทูู ูู ุงูููุงูุฉ ุงูุณุงุจุนุฉ ูู ุงูุฌูููุฑูุฉ:ุงูููุงุฐ ุงูุฌุฏูู ุจุฏุงูุฉ ุงูููุณูุฉ",
"@banar_511 ู.ุต.\nุฅุฐุง ุจุฏุฃ ุงูุดู ูู ููุงู ุฅูุฑุงู ูุฃูู ุนูุชุฑูุงุช ูุชุบูุฑ ุงูููุงุฎ ุงูููุณู ูุนูุงูุงุช ุงูููุฉ ุจูู ุงูุนุฑุจ ูุฅูุฑุงู: ุงูุนุงุตูุฉ ุงููุฏุชูุง ุงูุฑุฏุน ุงูููุณู.",
"@timetoewill MA FORTUNA",
"@banar_511 ู.ุต.\nูุฅุฐุง ุฃุถููุง ุฃููุง ูุงุฏูุง ุฏูู ุงูุนุฑุจ ููุฉ ุงูุชุตุงุฏูุฉ ูุญุชู ุชููููุฉ ูู ุงูุนุฏูุฏ ูุงูุนุชุงุฏ ูููุงุกุฉ ุงูุนุจุงุฏ ุจุงุช ุงูุฑุฏุน ุงูุนุณูุฑู ูู ุจุฏูุฑู ููููุฏุง",
"@abokarem100 ู.ุต.\nูููุง ูุฃูู.ููู ุฃุณุชุงุฐูุง ูุฌู ุจุนุถ ุงููุตุงุฆุญ ูุณุชูุฏุฉ ูู ุชูุญูุฏ ูุจุงุฆู ุงูุนุฑุจ ุจุณูุงุณุฉ ุงูุฑุณูู:ููุทู ุชุฃููู ุงููููุจ. ูุฑุคุณุงุก ุงููุจุงุฆู ููู ูุฏูุน",
"@abokarem100 ู.ุต.\nูุชุฃููู ุงููููุจ ุจุงุจ ูู ููุฒุงููุฉ ุงูุฏููุฉ ุงูุฅุณูุงููุฉ ูุฃููุง ุฌุฒุก ูู ุงูุญุฑุจ: ุงูุญุฑุจ ููููุฉ ูุงูุง ูุฏูุง. ูุฅุฐุง ูุงู ุงููุงู ูุงููุง ููู ุงูุฏูุ",
"@abokarem100 ู.ุต.\nูุงูุบุฑูุจ ุฃู ุฃูุฑููุง ูุงุฏุช ุชูุฒู ูู ุงูุนุฑุงู ููุง ุงุนุชูุฏุช ุนูู ุงูุณูุงุญ ูุญุฏู.ููุง ุงุดุชุฑุช ุงููุจุงุฆู ุงูุนุฑุงููุฉ ูููุช ุงูุตุญูุงุช ููุถุช ุนูู ุงูููุงููุฉ",
"ุงูุฃูุซู ุงููุชุณุงูุญุฉ !\nุฑุจูุง ุตุจุฑูุง ุทูููู ูุญุจูุง ูุจูุฑู ููููุง ุฅู ูุงุฑูุช \" ูู ุชุนูุฏ ุฃุจุฏุง \"",
"ุงุณุชูุบููุฑ ุงููู ุจููุฏุฑ ุบูููุชู ..ููุณููุงูู ูุชููุงุณููู ุนูู ุฐููุฑูโก\nุฃุณุชูุบููุฑุงููู ูุฃุชููุจ ุฅููู",
"ูุณุงุก ุงูุฎูุฑ ุณูุงุฑุฉ ุงูุชุบุฑูุฏุงุช ูุตูุช ูุงู  ุงููุดุฑููู\nูู ุฑุญูู ุฅูู ุงูููุฏ ููููููููููููู http:\/\/t.co\/8R3X5rC90t",
"@22Khadij  ุงููู ูุงุฑุจ ุงูุนุงูููู",
"ูุง ุจุญุฑุฃุดูู ุงููู ุญุงูู ูุงุชููุฏ ุนูู ุดุงุทุฆู ูุฃุชููู ุงู ูุบุฑู ููุฌู ุฃุญุฒุงูู ุงุฎุจุฑู ูุง ุจุญุฑุงูู ุจููุงู ุฃุฐูุจ http:\/\/t.co\/PNTKVT46Na",
"\"@sososweet813: #ูููุจ_ุฑุจูุน_ููุจู \nุงูุชุธุฑููุง ูุฑูุจุง ... \nุฅุดุฑุงู ูุฅุฏุงุฑุฉ : @MasahStar  \nุฅุฎุฑุงุฌ : @Aljaidan \nุฅูุชุงุฌ : @saferat13almajd\"",
"@NACER544 ุนูู ุงุซุฑ ูุฐู ุงููููุฉ \nุฒูุฌุฉ ุงุฎู ูู ููู ูู ุงูุงูุงู ุชุนุจูุง ูู ุดุบู ุงูุจูุช ูููุช ููุง ูุง ุชุญุฒูู ููู ุงูุฌูุฉ ูุง ุนูู ููุง ุชุนุจ\nูุงูุชูู ููู ููู ุถููู",
"@waledbasaleh ุงููู ูุฑุญููุง ููุบูุฑ ุฐูุจูุง",
"ุนูููุช<_>",
"#KenzaMorsli \nูุณ ูุณ ๐๐๐๐๐๐๐๐๐ุงูููุญู ุงููุจูุฑ ูููุฑ ุงูุฌุฒุงุฆุฑู ุฑุงุญ ูุนูู ุงุบููุฉ ููุณูุฏุฑููุง ููุฒุฉ ๐ค๐ http:\/\/t.co\/95fdLITMpZ",
"@nasmah0 @abokarem100 ู.ุต.\nูุง ุงูุฐู ูุฒุนุฌูุ ูุจุฏุฃ ูู ุงูุฌูุงุฏ: ูููู ุจุงููุงู ุฃู ุจุงูููุณ ุฃู ุจููุง. ุชุฃููู ุงููููุจ ุฌูุงุฏ ุจุงููุงู ูุฑุญูุฉ ุฃููู. ูุฅูุง ูุงููุชุงู.",
"@nasmah0 @abokarem100 ู.ุต.\nุฅูุง ููุนุฏู ุฃู ููู ูุทุงูุจ ุจููุงุจู ููุณุงุนุฏ. ูู ุชุฌูู ุชุงุฑูุฎ ุงูุญุฑูุจ ูุน ูุจุงุฆู ุงูุนุฑุจุ ุฃูุง ุชููู ูุนูู ุชุฃููู ุงููููุจุ",
"@Com95Foofo ูู ููุงุฉ ุฏุฒุงูุฑ ูููุฒ ุงุณุชุถุงูู ุงููุญู ูููุฑ ุงูููู ููุงูููู ุจูู ุฑุงุญ ูุนูุง ุงุบููุฉ ููููุฒ",
"@nasmah0 @abokarem100 ู.ุต.\nูุฏ ูููู ูู ุฃูุช ุจุงูุฐุงุช ูู ูุฏุฑู. ุณูุงูุง ููููู ุซุฑุซุฑุฉ",
"@Com95Foofo ุงููุง ุญุจูุจุชู ุงูุง ุงูููู ุงููุฑุญุฉ ูุด ุณุงูุนุชูู๐๐",
"@beautif70712003 ุงุบููุฉ ุฌุฏูุฏุฉ",
"ูุง ูู ุฃุญูู ูู ูุถุงูุชู ู ุทูุจุฉ ููุจู ูู ููู ุนู ููุชุดู ูููู ุดู ุฃุญูู ู ุงุญูู ูุง ุฃุฑูุนู  ุงููู ูุง ูุญุฑููุง ููู ู ุฎูููู ููู ุฏุงููุง ูุจุณูุทุฉ @CyrineAbdlNour",
"@douaapray ุฑุจู ููุจุฑู ูู ุทุงุนุชู ูุจุฑุถุงูุฉ ูุงูุฏูู",
"@douaapray @ujena_gvarvich ุชุฑูุตูุง ูุง ููุฑุฉ ๐๐๐๐๐๐",
"@douaapray @ujena_gvarvich ูููููููู ุงุญูู ุฑูุตุฉ ูู ุงูููุฌููุฉ ููู ุชุจุฏุง ุชุทูุจ ูุชุฌู ุบูุงูุฉ ุนูู ุบููุฉ ๐๐๐",
"ู ุจุนุฏ ูุฒูุฑูุฉ ุงูุชุงู ู ูุฑุฏุฉ ุงูุชุงู ูุงูู ุฌูุชูู ุงูุง ุณูููุฉ ุนุฑูุณุฉ ุงูุชุงู ูููููููููู ูุดูุฑุง\n#GhadaJreidi",
"ุงุญูุงู ุชูุถู ุนูู ุงููุบุฉ ุงูุนุฑุจูุฉ ุจุงูุถุฑุจุฉ ุงููุงุถูุฉ ๐ฑ๐ฑ๐ฑ http:\/\/t.co\/SELznY6m4Y",
"@issamshrayti ุนุตุงู ูุง ููุฏ ุชููุณ \nูุนุฏุชูุง ุฃูู ุชุฏุนู ู ููุช ูู ุนูููุง ุจูุช ุจูุงุฏู \nูุงุฒูุช ุนูุฏู ูุนุฏูุุ \n@GhadaJreidi #GhadaJreidi \nูุงุฑูุช ุชุนููููุง ูููู",
"@beautif70712003 ุงููู ูุง ุฑุจ",
"@Rula_CNBCArabia ูุณุงุก ุงูุงููุงุงุงุงุงุงุงุงุงุงุงุงุงุฑ ุฑูู ))",
"@Com95Foofo @Kenza_Morsli ูุฏู ูุง ููุฏุฑุด ููููุง ูุจูู ุบูุฑ ูุชูุฑุฌ ูููุง",
"@ziiizii_ @Kenza_Morsli @202a35b1f00c410 ู ุงูุง ููููููุฒ ูุฏุฑุชูููุด โฅ",
"@Com95Foofo @Ferou2004 ูููููููููููููููู ูุด ุดูู ูุฏููู ุฏูุฑุงู ููุฑุงุฒู ูููููููููููููู ูุฎู ุนุฑูุชูู ููููููููููููููููููููููููููู",
"@Com95Foofo @Kenza_Morsli ููููููููููููููู ูุฎุชู ุบุงุตุชูู ูุฑูุญ ูุฏุง ุงูุฌูุงู ูุงูู ูู ุงูุงูู",
"@Com95Foofo @Kenza_Morsli ุงููู ุญุจูุจุชู ุฑุจู ูุฎููู",
"@Com95Foofo @Kenza_Morsli ูุฏู ุจุงููุฉ ูุซูุฑ ุทูุจุฉ ุชุณููู ุญุจูุจุชู  ูุงูุง ุญุตุชู ุงูุงูุจุฑ ุงููู ููููููููููููููููููููููููููููููููููููููู",
"@Com95Foofo @Kenza_Morsli ูููููููููู ุฎูููุง ุจููุชูุง ูุงูู ุงูุฌูุด ุงูููุฒุงูู ุงุฏุง ูุฌู ุนูููุง ูุง ูููู ูุง ูุฎูููุง ููุง ุดู  ูููููููููููููููููููู",
"@GigiLaDiva @Alikhwa_Series @mbcdrama ูุงู ููุชุงู ูุนุงูุฏููุง ูุฎู ูุณูุช ูุง ุชูุฑุฌุชูุงุด ุงูุฒูุฑ",
"#ููุฒุฉูุฑุณูู\n#ูุญูุฏุดุงููู\n#ูููุงุนุทุง\nListen to lovely Song   https:\/\/t.co\/qWLFZ9Vvd8\nTunisian Singer @Lilia_BenChikha\n#LiliaBenChikha",
"#ููุฒุฉูุฑุณูู\n#ูุญูุฏุดุงููู\n#ูููุงุนุทุง\nListen to Opera Song   https:\/\/t.co\/XFukzNdbO8\nTunisian Singer @Lilia_BenChikha\n#LiliaBenChikha",
"@naddanadouch ๐๐๐๐๐ ุจุฑุงูู ุญูููุฉ",
"@RotanaMagz ุงูููุฉ ุงูุชููุณูุฉ ููููุง ุจู ุดูุฎุฉ ุชุบูู ุงูุงูุจุฑุง\nListen to Opera Song   https:\/\/t.co\/XFukzNdbO8\n@Lilia_BenChikha\n#LiliaBenChikha",
"@GigiLaDiva @Alikhwa_Series @mbcdrama  ูุฑุณู ุญูููุฉ โฅ",
"ุจูุช ูุงูุฏูุดุฉ ุชูุง ููุช ูุชูุฑุฌ ูู ูุณ ูุงูุชูุฑ ูุธุงูุฑูู ุนุงุฏู ุงูุชููุช ูุชุงุนู ุงูุชู ููุง ุ\n@Nada50401188 \n#GhadaJreidi",
"@Loulydod @nouramal28 @wafa_mansouri @chadiiaa @GafsiHedia ูุงูู ููุง ูุงุญุฏ ููุดู ููุดู ุชุนุจ ููุง ูุฌุฑู\n#ูุจุงู_ุบุฏุบูุฏู",
"ุฌูุณุช ุชุฐูุฑูู ูู ุญุงุฌุฉ ุดููู ููููู ููููููููู\n#ูุจุงู_ุบุฏุบูุฏู\n#GhadaJreidi",
"@nouramal28 @chadiiaa @wafa_mansouri @Loulydod @GafsiHedia ุงู ุญูุงู ุชุญูู ูููู ูุฑุงุฌูู ุงู ููููููููู",
"ุฌูุณุช ุชุฐูุฑูู ูู ุญุงุฌุฉ ุดููู ููููู ููููููููู\n#ูุจุงู_ุบุฏุบูุฏู\n#GhadaJreidi http:\/\/t.co\/xwL3yomXLO",
"@wafa_mansouri ุดุจูู ููุงุก ูููููู",
"ุชุฑุงู ููุง ุญุงุทุฉ ุณูููุฉ ุนุฑูุณุฉ ุงูุชุงู ููุง ูุงุญุฏ ูููู ููู ูุจุฑูู ูุฐุง ุงุณูู \n#ุชุณูููุท_ุบุฏุบูุฏู ููููููููููููููู \n#ูุจุงู_ุบุฏุบูุฏู\n#GhadaJreidi",
"@wafa_mansouri ุงูุง ุงูุง ุงููุฏ ูููููู",
"@Nada50401188 ุชููุช ููุณุนูุฏู ูุณูุช ุงุณูู ูุบูู ุงูููุด",
"@wafa_mansouri ููููููููู ูุนูุดู ุนุฒูุฒุชู ููู ุงูุนุงูุจุฉ ููู",
"@Loulydod ูุง ูุง ุงูุนุฑูุณ ููุฌูุฏ ูุงููุฑูุง ูุงุถุญุฉ ูููููููููููู ุงุณูุชู ุจุฑูุง ูุง ููุชุญููุจ ูููู",
"@Nada50401188 ุงู ู ุฒุงุฏูุง ุนุงุฏููุง ูููู ูู ุงูุณ ูุงูุชูุฑ ุงูุญููุฉ ุงููุจุงุดุฑุฉ",
"@wafa_mansouri ูููููููููู ูุงูุง ุนูู ูุฑูุจ ุชููู ููุงุก ุนุฑูุณุฉ ุงูุชุงู ุญุชุง ุงูุชู",
"@RotanaMagz ูุทูุจ ูู ูุฌูุชูู ุงููุญุชุฑูุฉ ุชุตุญูุญ ุงูุฎุจุฑ ูุงูู ุงูุณูุฏุฑููุง ููุฒุฉ ูู ุงูุซุงููุฉ ุนุงูููุง ูุงููู ุนุฑุจูุง ุดูุฑุง #KenzaMorsli http:\/\/t.co\/DtsAlj6ChM",
"@Tareq_Shehab ูููู ุงู ุดุงุก ุงููู",
"@Indrani_S there are moment when \"less is more\" doesn't apply.This is one of them :)",
"@Nada50401188 ูุงุฐู ูู ุงูุชุบุฑูุฏุฉ ุญุจูุจุชู \nhttps:\/\/t.co\/NPVtOmNh0s",
"@Lilia_BenChikha #LiliaBenChikha \nุฑุจู ููุชุญ ููู ูู ุงุจูุงุจ ุงูุฎูุฑ",
"@wafa_mansouri ููููููููููููู ุดููุง ูุซูุง ูููู ุ",
"@Loulydod ููููููู ุงูุนุงูุจุฉ ููู ูุง ุตุจูุฉ ููููููููู",
"ุชููุชุฉ ูู ุญุจ ุงููุงุณ ุงููู ุจุชุณุชูู ููู ุงูุฃุฌุงุฒุฉ ุนุดุงู ุชุชุทูู ุนููู ู ุฅูุช ูู ุงูุบุฑุจุฉ !\n<3",
"@Nada50401188 ูุจุฑูู ุนููู ูุงููู ุตุญุฉ ูููู",
"https:\/\/t.co\/PmzA8zak6Dูุนูุง !",
"ูุง ุฒูุช ูุง ุงุตุฏู ุฐูู\nููุง ูุฏุฑูุฏ \nุชุดูุดุงุฑูุชู",
"ูุด ูุงููุง ุงูุชูุช !!!  https:\/\/t.co\/91S1BcK4qP",
"ุงูุฐู ูุง ููููู ุงูููุฑ ูุง ูุณุชุทูุน ุงูุนูุด ูู ููุชูุง ...\nูุฎุงุตุฉ ูู ูู ูู ุงูุฌุงูุนุฉ ุงูููู ูุนุด ุจููุฑู ..\nุงู ูุช ุงูุนุฉ ููู ููุช ุฑุฆูุณุงุง ุฃููุณุคููุงุงุง !",
"ูููููู ูุง ููุญูุจู ุตูุนููุฏู ุงูุฌูุจูุงูู ... ููุนูุดู ุฃูุจูุฏู ุงูุฏููููุฑู ุจููููู ุงูุญูููุฑ.\n\nุฃุจู ุงููุงุณู ุงูุดุงุจู",
"@douaapray ุงููุทู ุนููู ุนุฒูุฒุชู",
"ุฃูุง ุฃุฎุชุงุฑ ูุฑูู @The5Official ูุตุงุญุจ ุฃุฌูู ุงุจุชุณุงูุฉ ูู @MBCTheXFactor ! ูู ุจุงุฎุชูุงุฑู ุงูุขู! http:\/\/t.co\/TNk9a8j5uW",
"ุงู ููู ูุง ูุงูุง ุญุชู ุงูุนูู ูุงุณููุด ููู",
"ุญุณูุง ...ุชุตุจุญูู ุนูู ุฎูุฑ",